<?xml version="1.0" encoding="UTF-8"?>
<!-- Generated by org.testng.reporters.JUnitReportReporter -->
<testsuite skipped="0" hostname="DESKTOP-VPDCM96" name="testClasses.UnitTestClass" tests="1" failures="0" timestamp="09 Dec 2018 17:56:49 GMT" time="4.855" errors="0">
  <testcase name="getAdvice" time="4.855" classname="testClasses.UnitTestClass"/>
</testsuite> <!-- testClasses.UnitTestClass -->
